<?xml version="1.0" encoding="UTF-8"?>
<testsuite name="guru.springframework.services.RecipeServiceIT" tests="1" skipped="0" failures="0" errors="0" timestamp="2023-04-12T10:19:17" hostname="Kazutaka" time="0.088">
  <properties/>
  <testcase name="testSaveOfDescription" classname="guru.springframework.services.RecipeServiceIT" time="0.088"/>
  <system-out><![CDATA[2023-04-12 13:19:16.974  INFO 6944 --- [    Test worker] .b.t.c.SpringBootTestContextBootstrapper : Neither @ContextConfiguration nor @ContextHierarchy found for test class [guru.springframework.services.RecipeServiceIT], using SpringBootContextLoader
2023-04-12 13:19:16.975  INFO 6944 --- [    Test worker] o.s.t.c.support.AbstractContextLoader    : Could not detect default resource locations for test class [guru.springframework.services.RecipeServiceIT]: no resource found for suffixes {-context.xml, Context.groovy}.
2023-04-12 13:19:16.975  INFO 6944 --- [    Test worker] t.c.s.AnnotationConfigContextLoaderUtils : Could not detect default configuration classes for test class [guru.springframework.services.RecipeServiceIT]: RecipeServiceIT does not declare any static, non-private, non-final, nested classes annotated with @Configuration.
2023-04-12 13:19:16.989  INFO 6944 --- [    Test worker] .b.t.c.SpringBootTestContextBootstrapper : Found @SpringBootConfiguration guru.springframework.Spring5MongoRecipeAppApplication for test class guru.springframework.services.RecipeServiceIT
2023-04-12 13:19:16.992  INFO 6944 --- [    Test worker] .b.t.c.SpringBootTestContextBootstrapper : Loaded default TestExecutionListener class names from location [META-INF/spring.factories]: [org.springframework.boot.test.autoconfigure.restdocs.RestDocsTestExecutionListener, org.springframework.boot.test.autoconfigure.web.client.MockRestServiceServerResetTestExecutionListener, org.springframework.boot.test.autoconfigure.web.servlet.MockMvcPrintOnlyOnFailureTestExecutionListener, org.springframework.boot.test.autoconfigure.web.servlet.WebDriverTestExecutionListener, org.springframework.boot.test.mock.mockito.MockitoTestExecutionListener, org.springframework.boot.test.mock.mockito.ResetMocksTestExecutionListener, org.springframework.test.context.web.ServletTestExecutionListener, org.springframework.test.context.support.DirtiesContextBeforeModesTestExecutionListener, org.springframework.test.context.support.DependencyInjectionTestExecutionListener, org.springframework.test.context.support.DirtiesContextTestExecutionListener, org.springframework.test.context.transaction.TransactionalTestExecutionListener, org.springframework.test.context.jdbc.SqlScriptsTestExecutionListener]
2023-04-12 13:19:16.992  INFO 6944 --- [    Test worker] .b.t.c.SpringBootTestContextBootstrapper : Using TestExecutionListeners: [org.springframework.test.context.web.ServletTestExecutionListener@5d7c5d2f, org.springframework.test.context.support.DirtiesContextBeforeModesTestExecutionListener@28b93dff, org.springframework.boot.test.mock.mockito.MockitoTestExecutionListener@6dcd7e19, org.springframework.boot.test.autoconfigure.SpringBootDependencyInjectionTestExecutionListener@6d8fffbb, org.springframework.test.context.support.DirtiesContextTestExecutionListener@52255200, org.springframework.test.context.transaction.TransactionalTestExecutionListener@3392db7e, org.springframework.test.context.jdbc.SqlScriptsTestExecutionListener@35a956a3, org.springframework.boot.test.autoconfigure.restdocs.RestDocsTestExecutionListener@2749058a, org.springframework.boot.test.autoconfigure.web.client.MockRestServiceServerResetTestExecutionListener@5f04f631, org.springframework.boot.test.autoconfigure.web.servlet.MockMvcPrintOnlyOnFailureTestExecutionListener@7ae89f84, org.springframework.boot.test.autoconfigure.web.servlet.WebDriverTestExecutionListener@58bd234, org.springframework.boot.test.mock.mockito.ResetMocksTestExecutionListener@6a01f25a]
]]></system-out>
  <system-err><![CDATA[]]></system-err>
</testsuite>
