<?xml version="1.0" encoding="UTF-8"?>
<testsuite name="guru.springframework.services.IngredientServiceImplTest" tests="4" skipped="0" failures="0" errors="0" timestamp="2023-04-12T10:19:16" hostname="Kazutaka" time="0.145">
  <properties/>
  <testcase name="findByRecipeIdAndReceipeIdHappyPath" classname="guru.springframework.services.IngredientServiceImplTest" time="0.138"/>
  <testcase name="findByRecipeIdAndId" classname="guru.springframework.services.IngredientServiceImplTest" time="0.0"/>
  <testcase name="testDeleteById" classname="guru.springframework.services.IngredientServiceImplTest" time="0.002"/>
  <testcase name="testSaveRecipeCommand" classname="guru.springframework.services.IngredientServiceImplTest" time="0.004"/>
  <system-out><![CDATA[]]></system-out>
  <system-err><![CDATA[]]></system-err>
</testsuite>
