<?xml version="1.0" encoding="UTF-8"?>
<testsuite name="guru.springframework.converters.NotesToNotesCommandTest" tests="3" skipped="0" failures="0" errors="0" timestamp="2023-04-12T10:19:11" hostname="Kazutaka" time="0.005">
  <properties/>
  <testcase name="testNull" classname="guru.springframework.converters.NotesToNotesCommandTest" time="0.003"/>
  <testcase name="testEmptyObject" classname="guru.springframework.converters.NotesToNotesCommandTest" time="0.002"/>
  <testcase name="convert" classname="guru.springframework.converters.NotesToNotesCommandTest" time="0.0"/>
  <system-out><![CDATA[]]></system-out>
  <system-err><![CDATA[]]></system-err>
</testsuite>
