<?xml version="1.0" encoding="UTF-8"?>
<testsuite name="guru.springframework.repositories.UnitOfMeasureRepositoryIT" tests="1" skipped="1" failures="0" errors="0" timestamp="2023-04-12T10:19:16" hostname="Kazutaka" time="0.001">
  <properties/>
  <testcase name="initializationError" classname="guru.springframework.repositories.UnitOfMeasureRepositoryIT" time="0.001">
    <skipped/>
  </testcase>
  <system-out><![CDATA[]]></system-out>
  <system-err><![CDATA[]]></system-err>
</testsuite>
