<?xml version="1.0" encoding="UTF-8"?>
<testsuite name="guru.springframework.converters.CategoryCommandToCategoryTest" tests="3" skipped="0" failures="0" errors="0" timestamp="2023-04-12T10:19:11" hostname="Kazutaka" time="0.015">
  <properties/>
  <testcase name="testEmptyObject" classname="guru.springframework.converters.CategoryCommandToCategoryTest" time="0.0"/>
  <testcase name="convert" classname="guru.springframework.converters.CategoryCommandToCategoryTest" time="0.008"/>
  <testcase name="testNullObject" classname="guru.springframework.converters.CategoryCommandToCategoryTest" time="0.001"/>
  <system-out><![CDATA[]]></system-out>
  <system-err><![CDATA[]]></system-err>
</testsuite>
