<?xml version="1.0" encoding="UTF-8"?>
<testsuite name="guru.springframework.converters.RecipeToRecipeCommandTest" tests="3" skipped="0" failures="0" errors="0" timestamp="2023-04-12T10:19:11" hostname="Kazutaka" time="0.017">
  <properties/>
  <testcase name="testEmptyObject" classname="guru.springframework.converters.RecipeToRecipeCommandTest" time="0.001"/>
  <testcase name="convert" classname="guru.springframework.converters.RecipeToRecipeCommandTest" time="0.008"/>
  <testcase name="testNullObject" classname="guru.springframework.converters.RecipeToRecipeCommandTest" time="0.005"/>
  <system-out><![CDATA[]]></system-out>
  <system-err><![CDATA[]]></system-err>
</testsuite>
