<?xml version="1.0" encoding="UTF-8"?>
<testsuite name="guru.springframework.services.RecipeServiceImplTest" tests="5" skipped="0" failures="0" errors="0" timestamp="2023-04-12T10:19:17" hostname="Kazutaka" time="0.05">
  <properties/>
  <testcase name="getRecipeByIdTestNotFound" classname="guru.springframework.services.RecipeServiceImplTest" time="0.043"/>
  <testcase name="testDeleteById" classname="guru.springframework.services.RecipeServiceImplTest" time="0.001"/>
  <testcase name="getRecipesTest" classname="guru.springframework.services.RecipeServiceImplTest" time="0.002"/>
  <testcase name="getRecipeByIdTest" classname="guru.springframework.services.RecipeServiceImplTest" time="0.001"/>
  <testcase name="getRecipeCommandByIdTest" classname="guru.springframework.services.RecipeServiceImplTest" time="0.003"/>
  <system-out><![CDATA[]]></system-out>
  <system-err><![CDATA[]]></system-err>
</testsuite>
